# JRE version: OpenJDK Runtime Environment (7.0_65-b32) (build 1.7.0_65-b32)
# Java VM: OpenJDK 64-Bit Server VM (24.65-b04 mixed mode linux-amd64 compressed oops)
Heap
 def new generation   total 170816K, used 0K [0x0000000675a00000, 0x0000000681350000, 0x00000006f5a00000)
  eden space 151872K,   0% used [0x0000000675a00000, 0x0000000675a00000, 0x000000067ee50000)
  from space 18944K,   0% used [0x000000067ee50000, 0x000000067ee50000, 0x00000006800d0000)
  to   space 18944K,   0% used [0x00000006800d0000, 0x00000006800d0000, 0x0000000681350000)
 tenured generation   total 455436K, used 453327K [0x00000006f5a00000, 0x00000007116c3000, 0x00000007f5a00000)
   the space 455436K,  99% used [0x00000006f5a00000, 0x00000007114b3f50, 0x00000007114b4000, 0x00000007116c3000)
 compacting perm gen  total 21248K, used 3550K [0x00000007f5a00000, 0x00000007f6ec0000, 0x0000000800000000)
   the space 21248K,  16% used [0x00000007f5a00000, 0x00000007f5d77bd0, 0x00000007f5d77c00, 0x00000007f6ec0000)
GC Heap History (10 events):
Event: 1.309 GC heap after
Heap after GC invocations=15 (full 5):
 def new generation   total 63552K, used 7039K [0x0000000675a00000, 0x0000000679ef0000, 0x00000006f5a00000)
  eden space 56512K,   0% used [0x0000000675a00000, 0x0000000675a00000, 0x0000000679130000)
  from space 7040K,  99% used [0x0000000679810000, 0x0000000679eefff8, 0x0000000679ef0000)
  to   space 7040K,   0% used [0x0000000679130000, 0x0000000679130000, 0x0000000679810000)
 tenured generation   total 141116K, used 121476K [0x00000006f5a00000, 0x00000006fe3cf000, 0x00000007f5a00000)
   the space 141116K,  86% used [0x00000006f5a00000, 0x00000006fd0a1088, 0x00000006fd0a1200, 0x00000006fe3cf000)
 compacting perm gen  total 21248K, used 3550K [0x00000007f5a00000, 0x00000007f6ec0000, 0x0000000800000000)
   the space 21248K,  16% used [0x00000007f5a00000, 0x00000007f5d77bd0, 0x00000007f5d77c00, 0x00000007f6ec0000)
No shared spaces configured.
}
Event: 1.326 GC heap before
{Heap before GC invocations=15 (full 5):
 def new generation   total 63552K, used 61936K [0x0000000675a00000, 0x0000000679ef0000, 0x00000006f5a00000)
  eden space 56512K,  97% used [0x0000000675a00000, 0x0000000678f9c040, 0x0000000679130000)
  from space 7040K,  99% used [0x0000000679810000, 0x0000000679eefff8, 0x0000000679ef0000)
  to   space 7040K,   0% used [0x0000000679130000, 0x0000000679130000, 0x0000000679810000)
 tenured generation   total 141116K, used 121476K [0x00000006f5a00000, 0x00000006fe3cf000, 0x00000007f5a00000)
   the space 141116K,  86% used [0x00000006f5a00000, 0x00000006fd0a1088, 0x00000006fd0a1200, 0x00000006fe3cf000)
 compacting perm gen  total 21248K, used 3550K [0x00000007f5a00000, 0x00000007f6ec0000, 0x0000000800000000)
   the space 21248K,  16% used [0x00000007f5a00000, 0x00000007f5d77bd0, 0x00000007f5d77c00, 0x00000007f6ec0000)
No shared spaces configured.
Event: 1.643 GC heap after
Heap after GC invocations=16 (full 6):
 def new generation   total 108672K, used 0K [0x0000000675a00000, 0x000000067cfe0000, 0x00000006f5a00000)
  eden space 96640K,   0% used [0x0000000675a00000, 0x0000000675a00000, 0x000000067b860000)
  from space 12032K,   0% used [0x000000067b860000, 0x000000067b860000, 0x000000067c420000)
  to   space 12032K,   0% used [0x000000067c420000, 0x000000067c420000, 0x000000067cfe0000)
 tenured generation   total 241284K, used 144769K [0x00000006f5a00000, 0x00000007045a1000, 0x00000007f5a00000)
   the space 241284K,  59% used [0x00000006f5a00000, 0x00000006fe7604c0, 0x00000006fe760600, 0x00000007045a1000)
 compacting perm gen  total 21248K, used 3550K [0x00000007f5a00000, 0x00000007f6ec0000, 0x0000000800000000)
   the space 21248K,  16% used [0x00000007f5a00000, 0x00000007f5d77bd0, 0x00000007f5d77c00, 0x00000007f6ec0000)
No shared spaces configured.
}
Event: 1.678 GC heap before
{Heap before GC invocations=16 (full 6):
 def new generation   total 108672K, used 96640K [0x0000000675a00000, 0x000000067cfe0000, 0x00000006f5a00000)
  eden space 96640K, 100% used [0x0000000675a00000, 0x000000067b860000, 0x000000067b860000)
  from space 12032K,   0% used [0x000000067b860000, 0x000000067b860000, 0x000000067c420000)
  to   space 12032K,   0% used [0x000000067c420000, 0x000000067c420000, 0x000000067cfe0000)
 tenured generation   total 241284K, used 144769K [0x00000006f5a00000, 0x00000007045a1000, 0x00000007f5a00000)
   the space 241284K,  59% used [0x00000006f5a00000, 0x00000006fe7604c0, 0x00000006fe760600, 0x00000007045a1000)
 compacting perm gen  total 21248K, used 3550K [0x00000007f5a00000, 0x00000007f6ec0000, 0x0000000800000000)
   the space 21248K,  16% used [0x00000007f5a00000, 0x00000007f5d77bd0, 0x00000007f5d77c00, 0x00000007f6ec0000)
No shared spaces configured.
Event: 1.772 GC heap after
Heap after GC invocations=17 (full 6):
 def new generation   total 108672K, used 12031K [0x0000000675a00000, 0x000000067cfe0000, 0x00000006f5a00000)
  eden space 96640K,   0% used [0x0000000675a00000, 0x0000000675a00000, 0x000000067b860000)
  from space 12032K,  99% used [0x000000067c420000, 0x000000067cfdfff8, 0x000000067cfe0000)
  to   space 12032K,   0% used [0x000000067b860000, 0x000000067b860000, 0x000000067c420000)
 tenured generation   total 241284K, used 208272K [0x00000006f5a00000, 0x00000007045a1000, 0x00000007f5a00000)
   the space 241284K,  86% used [0x00000006f5a00000, 0x0000000702564238, 0x0000000702564400, 0x00000007045a1000)
 compacting perm gen  total 21248K, used 3550K [0x00000007f5a00000, 0x00000007f6ec0000, 0x0000000800000000)
   the space 21248K,  16% used [0x00000007f5a00000, 0x00000007f5d77bd0, 0x00000007f5d77c00, 0x00000007f6ec0000)
No shared spaces configured.
}
Event: 1.804 GC heap before
{Heap before GC invocations=17 (full 6):
 def new generation   total 108672K, used 106192K [0x0000000675a00000, 0x000000067cfe0000, 0x00000006f5a00000)
  eden space 96640K,  97% used [0x0000000675a00000, 0x000000067b5f41c8, 0x000000067b860000)
  from space 12032K,  99% used [0x000000067c420000, 0x000000067cfdfff8, 0x000000067cfe0000)
  to   space 12032K,   0% used [0x000000067b860000, 0x000000067b860000, 0x000000067c420000)
 tenured generation   total 241284K, used 208272K [0x00000006f5a00000, 0x00000007045a1000, 0x00000007f5a00000)
   the space 241284K,  86% used [0x00000006f5a00000, 0x0000000702564238, 0x0000000702564400, 0x00000007045a1000)
 compacting perm gen  total 21248K, used 3550K [0x00000007f5a00000, 0x00000007f6ec0000, 0x0000000800000000)
   the space 21248K,  16% used [0x00000007f5a00000, 0x00000007f5d77bd0, 0x00000007f5d77c00, 0x00000007f6ec0000)
No shared spaces configured.
Event: 2.314 GC heap after
Heap after GC invocations=18 (full 7):
 def new generation   total 170816K, used 0K [0x0000000675a00000, 0x0000000681350000, 0x00000006f5a00000)
  eden space 151872K,   0% used [0x0000000675a00000, 0x0000000675a00000, 0x000000067ee50000)
  from space 18944K,   0% used [0x000000067ee50000, 0x000000067ee50000, 0x00000006800d0000)
  to   space 18944K,   0% used [0x00000006800d0000, 0x00000006800d0000, 0x0000000681350000)
 tenured generation   total 379404K, used 227640K [0x00000006f5a00000, 0x000000070cc83000, 0x00000007f5a00000)
   the space 379404K,  59% used [0x00000006f5a00000, 0x000000070384e180, 0x000000070384e200, 0x000000070cc83000)
 compacting perm gen  total 21248K, used 3550K [0x00000007f5a00000, 0x00000007f6ec0000, 0x0000000800000000)
   the space 21248K,  16% used [0x00000007f5a00000, 0x00000007f5d77bd0, 0x00000007f5d77c00, 0x00000007f6ec0000)
No shared spaces configured.
}
Event: 2.370 GC heap before
{Heap before GC invocations=18 (full 7):
 def new generation   total 170816K, used 151872K [0x0000000675a00000, 0x0000000681350000, 0x00000006f5a00000)
  eden space 151872K, 100% used [0x0000000675a00000, 0x000000067ee50000, 0x000000067ee50000)
  from space 18944K,   0% used [0x000000067ee50000, 0x000000067ee50000, 0x00000006800d0000)
  to   space 18944K,   0% used [0x00000006800d0000, 0x00000006800d0000, 0x0000000681350000)
 tenured generation   total 379404K, used 227640K [0x00000006f5a00000, 0x000000070cc83000, 0x00000007f5a00000)
   the space 379404K,  59% used [0x00000006f5a00000, 0x000000070384e180, 0x000000070384e200, 0x000000070cc83000)
 compacting perm gen  total 21248K, used 3550K [0x00000007f5a00000, 0x00000007f6ec0000, 0x0000000800000000)
   the space 21248K,  16% used [0x00000007f5a00000, 0x00000007f5d77bd0, 0x00000007f5d77c00, 0x00000007f6ec0000)
No shared spaces configured.
Event: 2.523 GC heap after
Heap after GC invocations=19 (full 7):
 def new generation   total 170816K, used 18944K [0x0000000675a00000, 0x0000000681350000, 0x00000006f5a00000)
  eden space 151872K,   0% used [0x0000000675a00000, 0x0000000675a00000, 0x000000067ee50000)
  from space 18944K, 100% used [0x00000006800d0000, 0x0000000681350000, 0x0000000681350000)
  to   space 18944K,   0% used [0x000000067ee50000, 0x000000067ee50000, 0x00000006800d0000)
 tenured generation   total 379404K, used 331927K [0x00000006f5a00000, 0x000000070cc83000, 0x00000007f5a00000)
   the space 379404K,  87% used [0x00000006f5a00000, 0x0000000709e25ea8, 0x0000000709e26000, 0x000000070cc83000)
 compacting perm gen  total 21248K, used 3550K [0x00000007f5a00000, 0x00000007f6ec0000, 0x0000000800000000)
   the space 21248K,  16% used [0x00000007f5a00000, 0x00000007f5d77bd0, 0x00000007f5d77c00, 0x00000007f6ec0000)
No shared spaces configured.
}
Event: 2.580 GC heap before
{Heap before GC invocations=19 (full 7):
 def new generation   total 170816K, used 170816K [0x0000000675a00000, 0x0000000681350000, 0x00000006f5a00000)
  eden space 151872K, 100% used [0x0000000675a00000, 0x000000067ee50000, 0x000000067ee50000)
  from space 18944K, 100% used [0x00000006800d0000, 0x0000000681350000, 0x0000000681350000)
  to   space 18944K,   0% used [0x000000067ee50000, 0x000000067ee50000, 0x00000006800d0000)
 tenured generation   total 379404K, used 331927K [0x00000006f5a00000, 0x000000070cc83000, 0x00000007f5a00000)
   the space 379404K,  87% used [0x00000006f5a00000, 0x0000000709e25ea8, 0x0000000709e26000, 0x000000070cc83000)
 compacting perm gen  total 21248K, used 3550K [0x00000007f5a00000, 0x00000007f6ec0000, 0x0000000800000000)
   the space 21248K,  16% used [0x00000007f5a00000, 0x00000007f5d77bd0, 0x00000007f5d77c00, 0x00000007f6ec0000)
No shared spaces configured.

