# JRE version: OpenJDK Runtime Environment (7.0_65-b32) (build 1.7.0_65-b32)
# Java VM: OpenJDK 64-Bit Server VM (24.65-b04 mixed mode linux-amd64 compressed oops)
Heap
 def new generation   total 178496K, used 2570K [0x0000000675a00000, 0x0000000681ba0000, 0x00000006f5a00000)
  eden space 158720K,   1% used [0x0000000675a00000, 0x0000000675c82b58, 0x000000067f500000)
  from space 19776K,   0% used [0x000000067f500000, 0x000000067f500000, 0x0000000680850000)
  to   space 19776K,   0% used [0x0000000680850000, 0x0000000680850000, 0x0000000681ba0000)
 tenured generation   total 459132K, used 459132K [0x00000006f5a00000, 0x0000000711a5f000, 0x00000007f5a00000)
   the space 459132K, 100% used [0x00000006f5a00000, 0x0000000711a5f000, 0x0000000711a5f000, 0x0000000711a5f000)
 compacting perm gen  total 21248K, used 3550K [0x00000007f5a00000, 0x00000007f6ec0000, 0x0000000800000000)
   the space 21248K,  16% used [0x00000007f5a00000, 0x00000007f5d77970, 0x00000007f5d77a00, 0x00000007f6ec0000)
GC Heap History (10 events):
Event: 1.288 GC heap after
Heap after GC invocations=15 (full 5):
 def new generation   total 65152K, used 7231K [0x0000000675a00000, 0x000000067a0b0000, 0x00000006f5a00000)
  eden space 57920K,   0% used [0x0000000675a00000, 0x0000000675a00000, 0x0000000679290000)
  from space 7232K,  99% used [0x00000006799a0000, 0x000000067a0afff8, 0x000000067a0b0000)
  to   space 7232K,   0% used [0x0000000679290000, 0x0000000679290000, 0x00000006799a0000)
 tenured generation   total 144648K, used 124812K [0x00000006f5a00000, 0x00000006fe742000, 0x00000007f5a00000)
   the space 144648K,  86% used [0x00000006f5a00000, 0x00000006fd3e30c8, 0x00000006fd3e3200, 0x00000006fe742000)
 compacting perm gen  total 21248K, used 3550K [0x00000007f5a00000, 0x00000007f6ec0000, 0x0000000800000000)
   the space 21248K,  16% used [0x00000007f5a00000, 0x00000007f5d77970, 0x00000007f5d77a00, 0x00000007f6ec0000)
No shared spaces configured.
}
Event: 1.308 GC heap before
{Heap before GC invocations=15 (full 5):
 def new generation   total 65152K, used 65151K [0x0000000675a00000, 0x000000067a0b0000, 0x00000006f5a00000)
  eden space 57920K, 100% used [0x0000000675a00000, 0x0000000679290000, 0x0000000679290000)
  from space 7232K,  99% used [0x00000006799a0000, 0x000000067a0afff8, 0x000000067a0b0000)
  to   space 7232K,   0% used [0x0000000679290000, 0x0000000679290000, 0x00000006799a0000)
 tenured generation   total 144648K, used 124812K [0x00000006f5a00000, 0x00000006fe742000, 0x00000007f5a00000)
   the space 144648K,  86% used [0x00000006f5a00000, 0x00000006fd3e30c8, 0x00000006fd3e3200, 0x00000006fe742000)
 compacting perm gen  total 21248K, used 3550K [0x00000007f5a00000, 0x00000007f6ec0000, 0x0000000800000000)
   the space 21248K,  16% used [0x00000007f5a00000, 0x00000007f5d77970, 0x00000007f5d77a00, 0x00000007f6ec0000)
No shared spaces configured.
Event: 1.625 GC heap after
Heap after GC invocations=16 (full 6):
 def new generation   total 112640K, used 0K [0x0000000675a00000, 0x000000067d430000, 0x00000006f5a00000)
  eden space 100160K,   0% used [0x0000000675a00000, 0x0000000675a00000, 0x000000067bbd0000)
  from space 12480K,   0% used [0x000000067bbd0000, 0x000000067bbd0000, 0x000000067c800000)
  to   space 12480K,   0% used [0x000000067c800000, 0x000000067c800000, 0x000000067d430000)
 tenured generation   total 250148K, used 150088K [0x00000006f5a00000, 0x0000000704e49000, 0x00000007f5a00000)
   the space 250148K,  59% used [0x00000006f5a00000, 0x00000006fec92108, 0x00000006fec92200, 0x0000000704e49000)
 compacting perm gen  total 21248K, used 3550K [0x00000007f5a00000, 0x00000007f6ec0000, 0x0000000800000000)
   the space 21248K,  16% used [0x00000007f5a00000, 0x00000007f5d77970, 0x00000007f5d77a00, 0x00000007f6ec0000)
No shared spaces configured.
}
Event: 1.662 GC heap before
{Heap before GC invocations=16 (full 6):
 def new generation   total 112640K, used 100160K [0x0000000675a00000, 0x000000067d430000, 0x00000006f5a00000)
  eden space 100160K, 100% used [0x0000000675a00000, 0x000000067bbd0000, 0x000000067bbd0000)
  from space 12480K,   0% used [0x000000067bbd0000, 0x000000067bbd0000, 0x000000067c800000)
  to   space 12480K,   0% used [0x000000067c800000, 0x000000067c800000, 0x000000067d430000)
 tenured generation   total 250148K, used 150088K [0x00000006f5a00000, 0x0000000704e49000, 0x00000007f5a00000)
   the space 250148K,  59% used [0x00000006f5a00000, 0x00000006fec92108, 0x00000006fec92200, 0x0000000704e49000)
 compacting perm gen  total 21248K, used 3550K [0x00000007f5a00000, 0x00000007f6ec0000, 0x0000000800000000)
   the space 21248K,  16% used [0x00000007f5a00000, 0x00000007f5d77970, 0x00000007f5d77a00, 0x00000007f6ec0000)
No shared spaces configured.
Event: 1.765 GC heap after
Heap after GC invocations=17 (full 6):
 def new generation   total 112640K, used 12480K [0x0000000675a00000, 0x000000067d430000, 0x00000006f5a00000)
  eden space 100160K,   0% used [0x0000000675a00000, 0x0000000675a00000, 0x000000067bbd0000)
  from space 12480K, 100% used [0x000000067c800000, 0x000000067d430000, 0x000000067d430000)
  to   space 12480K,   0% used [0x000000067bbd0000, 0x000000067bbd0000, 0x000000067c800000)
 tenured generation   total 250148K, used 218774K [0x00000006f5a00000, 0x0000000704e49000, 0x00000007f5a00000)
   the space 250148K,  87% used [0x00000006f5a00000, 0x0000000702fa58b0, 0x0000000702fa5a00, 0x0000000704e49000)
 compacting perm gen  total 21248K, used 3550K [0x00000007f5a00000, 0x00000007f6ec0000, 0x0000000800000000)
   the space 21248K,  16% used [0x00000007f5a00000, 0x00000007f5d77970, 0x00000007f5d77a00, 0x00000007f6ec0000)
No shared spaces configured.
}
Event: 1.795 GC heap before
{Heap before GC invocations=17 (full 6):
 def new generation   total 112640K, used 112640K [0x0000000675a00000, 0x000000067d430000, 0x00000006f5a00000)
  eden space 100160K, 100% used [0x0000000675a00000, 0x000000067bbd0000, 0x000000067bbd0000)
  from space 12480K, 100% used [0x000000067c800000, 0x000000067d430000, 0x000000067d430000)
  to   space 12480K,   0% used [0x000000067bbd0000, 0x000000067bbd0000, 0x000000067c800000)
 tenured generation   total 250148K, used 218774K [0x00000006f5a00000, 0x0000000704e49000, 0x00000007f5a00000)
   the space 250148K,  87% used [0x00000006f5a00000, 0x0000000702fa58b0, 0x0000000702fa5a00, 0x0000000704e49000)
 compacting perm gen  total 21248K, used 3550K [0x00000007f5a00000, 0x00000007f6ec0000, 0x0000000800000000)
   the space 21248K,  16% used [0x00000007f5a00000, 0x00000007f5d77970, 0x00000007f5d77a00, 0x00000007f6ec0000)
No shared spaces configured.
Event: 2.307 GC heap after
Heap after GC invocations=18 (full 7):
 def new generation   total 178496K, used 0K [0x0000000675a00000, 0x0000000681ba0000, 0x00000006f5a00000)
  eden space 158720K,   0% used [0x0000000675a00000, 0x0000000675a00000, 0x000000067f500000)
  from space 19776K,   0% used [0x000000067f500000, 0x000000067f500000, 0x0000000680850000)
  to   space 19776K,   0% used [0x0000000680850000, 0x0000000680850000, 0x0000000681ba0000)
 tenured generation   total 396448K, used 237868K [0x00000006f5a00000, 0x000000070dd28000, 0x00000007f5a00000)
   the space 396448K,  59% used [0x00000006f5a00000, 0x000000070424b2b8, 0x000000070424b400, 0x000000070dd28000)
 compacting perm gen  total 21248K, used 3550K [0x00000007f5a00000, 0x00000007f6ec0000, 0x0000000800000000)
   the space 21248K,  16% used [0x00000007f5a00000, 0x00000007f5d77970, 0x00000007f5d77a00, 0x00000007f6ec0000)
No shared spaces configured.
}
Event: 2.362 GC heap before
{Heap before GC invocations=18 (full 7):
 def new generation   total 178496K, used 158720K [0x0000000675a00000, 0x0000000681ba0000, 0x00000006f5a00000)
  eden space 158720K, 100% used [0x0000000675a00000, 0x000000067f500000, 0x000000067f500000)
  from space 19776K,   0% used [0x000000067f500000, 0x000000067f500000, 0x0000000680850000)
  to   space 19776K,   0% used [0x0000000680850000, 0x0000000680850000, 0x0000000681ba0000)
 tenured generation   total 396448K, used 237868K [0x00000006f5a00000, 0x000000070dd28000, 0x00000007f5a00000)
   the space 396448K,  59% used [0x00000006f5a00000, 0x000000070424b2b8, 0x000000070424b400, 0x000000070dd28000)
 compacting perm gen  total 21248K, used 3550K [0x00000007f5a00000, 0x00000007f6ec0000, 0x0000000800000000)
   the space 21248K,  16% used [0x00000007f5a00000, 0x00000007f5d77970, 0x00000007f5d77a00, 0x00000007f6ec0000)
No shared spaces configured.
Event: 2.510 GC heap after
Heap after GC invocations=19 (full 7):
 def new generation   total 178496K, used 19776K [0x0000000675a00000, 0x0000000681ba0000, 0x00000006f5a00000)
  eden space 158720K,   0% used [0x0000000675a00000, 0x0000000675a00000, 0x000000067f500000)
  from space 19776K, 100% used [0x0000000680850000, 0x0000000681ba0000, 0x0000000681ba0000)
  to   space 19776K,   0% used [0x000000067f500000, 0x000000067f500000, 0x0000000680850000)
 tenured generation   total 396448K, used 334078K [0x00000006f5a00000, 0x000000070dd28000, 0x00000007f5a00000)
   the space 396448K,  84% used [0x00000006f5a00000, 0x000000070a03fb20, 0x000000070a03fc00, 0x000000070dd28000)
 compacting perm gen  total 21248K, used 3550K [0x00000007f5a00000, 0x00000007f6ec0000, 0x0000000800000000)
   the space 21248K,  16% used [0x00000007f5a00000, 0x00000007f5d77970, 0x00000007f5d77a00, 0x00000007f6ec0000)
No shared spaces configured.
}
Event: 2.559 GC heap before
{Heap before GC invocations=19 (full 7):
 def new generation   total 178496K, used 155524K [0x0000000675a00000, 0x0000000681ba0000, 0x00000006f5a00000)
  eden space 158720K,  85% used [0x0000000675a00000, 0x000000067de91198, 0x000000067f500000)
  from space 19776K, 100% used [0x0000000680850000, 0x0000000681ba0000, 0x0000000681ba0000)
  to   space 19776K,   0% used [0x000000067f500000, 0x000000067f500000, 0x0000000680850000)
 tenured generation   total 396448K, used 334078K [0x00000006f5a00000, 0x000000070dd28000, 0x00000007f5a00000)
   the space 396448K,  84% used [0x00000006f5a00000, 0x000000070a03fb20, 0x000000070a03fc00, 0x000000070dd28000)
 compacting perm gen  total 21248K, used 3550K [0x00000007f5a00000, 0x00000007f6ec0000, 0x0000000800000000)
   the space 21248K,  16% used [0x00000007f5a00000, 0x00000007f5d77970, 0x00000007f5d77a00, 0x00000007f6ec0000)
No shared spaces configured.

